20-Dec-2024 13:23:45.702 INFO [main] org.apache.catalina.startup.VersionLoggerListener.log Server version name:   Apache Tomcat/9.0.98
20-Dec-2024 13:23:45.742 INFO [main] org.apache.catalina.startup.VersionLoggerListener.log Server built:          Dec 5 2024 19:50:29 UTC
20-Dec-2024 13:23:45.743 INFO [main] org.apache.catalina.startup.VersionLoggerListener.log Server version number: 9.0.98.0
20-Dec-2024 13:23:45.743 INFO [main] org.apache.catalina.startup.VersionLoggerListener.log OS Name:               Windows 11
20-Dec-2024 13:23:45.743 INFO [main] org.apache.catalina.startup.VersionLoggerListener.log OS Version:            10.0
20-Dec-2024 13:23:45.743 INFO [main] org.apache.catalina.startup.VersionLoggerListener.log Architecture:          amd64
20-Dec-2024 13:23:45.743 INFO [main] org.apache.catalina.startup.VersionLoggerListener.log Java Home:             C:\Users\KANAK\.jdks\corretto-1.8.0_432\jre
20-Dec-2024 13:23:45.743 INFO [main] org.apache.catalina.startup.VersionLoggerListener.log JVM Version:           1.8.0_432-b06
20-Dec-2024 13:23:45.743 INFO [main] org.apache.catalina.startup.VersionLoggerListener.log JVM Vendor:            Amazon.com Inc.
20-Dec-2024 13:23:45.743 INFO [main] org.apache.catalina.startup.VersionLoggerListener.log CATALINA_BASE:         C:\web Dev APNA COLLEGE\MinorProject-BTECH
20-Dec-2024 13:23:45.743 INFO [main] org.apache.catalina.startup.VersionLoggerListener.log CATALINA_HOME:         C:\java\apache-tomcat-9.0.98
20-Dec-2024 13:23:45.749 INFO [main] org.apache.catalina.startup.VersionLoggerListener.log Command line argument: -Dcatalina.home=C:\java\apache-tomcat-9.0.98
20-Dec-2024 13:23:45.749 INFO [main] org.apache.catalina.startup.VersionLoggerListener.log Command line argument: -Dcatalina.base=C:\web Dev APNA COLLEGE\MinorProject-BTECH
20-Dec-2024 13:23:45.749 INFO [main] org.apache.catalina.startup.VersionLoggerListener.log Command line argument: -Djava.io.tmpdir=C:\web Dev APNA COLLEGE\MinorProject-BTECH\temp
20-Dec-2024 13:23:45.749 INFO [main] org.apache.catalina.startup.VersionLoggerListener.log Command line argument: -Djava.util.logging.config.file=C:\web Dev APNA COLLEGE\MinorProject-BTECH\conf\logging.properties
20-Dec-2024 13:23:45.749 INFO [main] org.apache.catalina.startup.VersionLoggerListener.log Command line argument: -Djava.util.logging.manager=org.apache.juli.ClassLoaderLogManager
20-Dec-2024 13:23:45.749 INFO [main] org.apache.catalina.startup.VersionLoggerListener.log Command line argument: -javaagent:C:\Program Files\JetBrains\IntelliJ IDEA 2024.3.1\lib\idea_rt.jar=52217:C:\Program Files\JetBrains\IntelliJ IDEA 2024.3.1\bin
20-Dec-2024 13:23:45.749 INFO [main] org.apache.catalina.startup.VersionLoggerListener.log Command line argument: -Dfile.encoding=UTF-8
20-Dec-2024 13:23:45.922 INFO [main] org.apache.catalina.core.AprLifecycleListener.lifecycleEvent Loaded Apache Tomcat Native library [1.3.1] using APR version [1.7.4].
20-Dec-2024 13:23:45.922 INFO [main] org.apache.catalina.core.AprLifecycleListener.lifecycleEvent APR capabilities: IPv6 [true], sendfile [true], accept filters [false], random [true], UDS [true].
20-Dec-2024 13:23:45.922 INFO [main] org.apache.catalina.core.AprLifecycleListener.lifecycleEvent APR/OpenSSL configuration: useAprConnector [false], useOpenSSL [true]
20-Dec-2024 13:23:45.932 INFO [main] org.apache.catalina.core.AprLifecycleListener.initializeSSL OpenSSL successfully initialized [OpenSSL 3.0.14 4 Jun 2024]
20-Dec-2024 13:23:47.621 INFO [main] org.apache.coyote.AbstractProtocol.init Initializing ProtocolHandler ["http-nio-8080"]
20-Dec-2024 13:23:47.652 INFO [main] org.apache.catalina.startup.Catalina.load Server initialization in [2278] milliseconds
20-Dec-2024 13:23:47.699 INFO [main] org.apache.catalina.core.StandardService.startInternal Starting service [Catalina]
20-Dec-2024 13:23:47.700 INFO [main] org.apache.catalina.core.StandardEngine.startInternal Starting Servlet engine: [Apache Tomcat/9.0.98]
20-Dec-2024 13:23:47.709 INFO [main] org.apache.catalina.startup.HostConfig.deployDescriptor Deploying deployment descriptor [C:\web Dev APNA COLLEGE\MinorProject-BTECH\conf\Catalina\localhost\jdbcconnection.xml]
20-Dec-2024 13:23:48.749 INFO [main] org.apache.jasper.servlet.TldScanner.scanJars At least one JAR was scanned for TLDs yet contained no TLDs. Enable debug logging for this logger for a complete list of JARs that were scanned but no TLDs were found in them. Skipping unneeded JARs during scanning can improve startup time and JSP compilation time.
20-Dec-2024 13:23:48.913 WARNING [main] org.apache.catalina.util.SessionIdGeneratorBase.createSecureRandom Creation of SecureRandom instance for session ID generation using [SHA1PRNG] took [135] milliseconds.
20-Dec-2024 13:23:48.943 INFO [main] org.apache.catalina.startup.HostConfig.deployDescriptor Deployment of deployment descriptor [C:\web Dev APNA COLLEGE\MinorProject-BTECH\conf\Catalina\localhost\jdbcconnection.xml] has finished in [1,234] ms
20-Dec-2024 13:23:48.947 INFO [main] org.apache.coyote.AbstractProtocol.start Starting ProtocolHandler ["http-nio-8080"]
20-Dec-2024 13:23:48.978 INFO [main] org.apache.catalina.startup.Catalina.start Server startup in [1326] milliseconds
20-Dec-2024 13:26:35.273 INFO [Thread-2] org.apache.coyote.AbstractProtocol.pause Pausing ProtocolHandler ["http-nio-8080"]
20-Dec-2024 13:26:35.576 INFO [Thread-2] org.apache.catalina.core.StandardService.stopInternal Stopping service [Catalina]
20-Dec-2024 13:26:35.603 INFO [Thread-2] org.apache.coyote.AbstractProtocol.stop Stopping ProtocolHandler ["http-nio-8080"]
20-Dec-2024 13:26:35.609 INFO [Thread-2] org.apache.coyote.AbstractProtocol.destroy Destroying ProtocolHandler ["http-nio-8080"]
20-Dec-2024 13:26:39.626 INFO [main] org.apache.catalina.startup.VersionLoggerListener.log Server version name:   Apache Tomcat/9.0.98
20-Dec-2024 13:26:39.628 INFO [main] org.apache.catalina.startup.VersionLoggerListener.log Server built:          Dec 5 2024 19:50:29 UTC
20-Dec-2024 13:26:39.629 INFO [main] org.apache.catalina.startup.VersionLoggerListener.log Server version number: 9.0.98.0
20-Dec-2024 13:26:39.629 INFO [main] org.apache.catalina.startup.VersionLoggerListener.log OS Name:               Windows 11
20-Dec-2024 13:26:39.629 INFO [main] org.apache.catalina.startup.VersionLoggerListener.log OS Version:            10.0
20-Dec-2024 13:26:39.629 INFO [main] org.apache.catalina.startup.VersionLoggerListener.log Architecture:          amd64
20-Dec-2024 13:26:39.629 INFO [main] org.apache.catalina.startup.VersionLoggerListener.log Java Home:             C:\Users\KANAK\.jdks\corretto-1.8.0_432\jre
20-Dec-2024 13:26:39.629 INFO [main] org.apache.catalina.startup.VersionLoggerListener.log JVM Version:           1.8.0_432-b06
20-Dec-2024 13:26:39.629 INFO [main] org.apache.catalina.startup.VersionLoggerListener.log JVM Vendor:            Amazon.com Inc.
20-Dec-2024 13:26:39.629 INFO [main] org.apache.catalina.startup.VersionLoggerListener.log CATALINA_BASE:         C:\web Dev APNA COLLEGE\MinorProject-BTECH
20-Dec-2024 13:26:39.629 INFO [main] org.apache.catalina.startup.VersionLoggerListener.log CATALINA_HOME:         C:\java\apache-tomcat-9.0.98
20-Dec-2024 13:26:39.634 INFO [main] org.apache.catalina.startup.VersionLoggerListener.log Command line argument: -Dcatalina.home=C:\java\apache-tomcat-9.0.98
20-Dec-2024 13:26:39.634 INFO [main] org.apache.catalina.startup.VersionLoggerListener.log Command line argument: -Dcatalina.base=C:\web Dev APNA COLLEGE\MinorProject-BTECH
20-Dec-2024 13:26:39.634 INFO [main] org.apache.catalina.startup.VersionLoggerListener.log Command line argument: -Djava.io.tmpdir=C:\web Dev APNA COLLEGE\MinorProject-BTECH\temp
20-Dec-2024 13:26:39.634 INFO [main] org.apache.catalina.startup.VersionLoggerListener.log Command line argument: -Djava.util.logging.config.file=C:\web Dev APNA COLLEGE\MinorProject-BTECH\conf\logging.properties
20-Dec-2024 13:26:39.634 INFO [main] org.apache.catalina.startup.VersionLoggerListener.log Command line argument: -Djava.util.logging.manager=org.apache.juli.ClassLoaderLogManager
20-Dec-2024 13:26:39.634 INFO [main] org.apache.catalina.startup.VersionLoggerListener.log Command line argument: -javaagent:C:\Program Files\JetBrains\IntelliJ IDEA 2024.3.1\lib\idea_rt.jar=52231:C:\Program Files\JetBrains\IntelliJ IDEA 2024.3.1\bin
20-Dec-2024 13:26:39.634 INFO [main] org.apache.catalina.startup.VersionLoggerListener.log Command line argument: -Dfile.encoding=UTF-8
20-Dec-2024 13:26:39.639 INFO [main] org.apache.catalina.core.AprLifecycleListener.lifecycleEvent Loaded Apache Tomcat Native library [1.3.1] using APR version [1.7.4].
20-Dec-2024 13:26:39.641 INFO [main] org.apache.catalina.core.AprLifecycleListener.lifecycleEvent APR capabilities: IPv6 [true], sendfile [true], accept filters [false], random [true], UDS [true].
20-Dec-2024 13:26:39.641 INFO [main] org.apache.catalina.core.AprLifecycleListener.lifecycleEvent APR/OpenSSL configuration: useAprConnector [false], useOpenSSL [true]
20-Dec-2024 13:26:39.650 INFO [main] org.apache.catalina.core.AprLifecycleListener.initializeSSL OpenSSL successfully initialized [OpenSSL 3.0.14 4 Jun 2024]
20-Dec-2024 13:26:40.010 INFO [main] org.apache.coyote.AbstractProtocol.init Initializing ProtocolHandler ["http-nio-8080"]
20-Dec-2024 13:26:40.043 INFO [main] org.apache.catalina.startup.Catalina.load Server initialization in [652] milliseconds
20-Dec-2024 13:26:40.082 INFO [main] org.apache.catalina.core.StandardService.startInternal Starting service [Catalina]
20-Dec-2024 13:26:40.082 INFO [main] org.apache.catalina.core.StandardEngine.startInternal Starting Servlet engine: [Apache Tomcat/9.0.98]
20-Dec-2024 13:26:40.092 INFO [main] org.apache.catalina.startup.HostConfig.deployDescriptor Deploying deployment descriptor [C:\web Dev APNA COLLEGE\MinorProject-BTECH\conf\Catalina\localhost\jdbcconnection.xml]
20-Dec-2024 13:26:40.922 INFO [main] org.apache.jasper.servlet.TldScanner.scanJars At least one JAR was scanned for TLDs yet contained no TLDs. Enable debug logging for this logger for a complete list of JARs that were scanned but no TLDs were found in them. Skipping unneeded JARs during scanning can improve startup time and JSP compilation time.
20-Dec-2024 13:26:41.078 WARNING [main] org.apache.catalina.util.SessionIdGeneratorBase.createSecureRandom Creation of SecureRandom instance for session ID generation using [SHA1PRNG] took [128] milliseconds.
20-Dec-2024 13:26:41.096 INFO [main] org.apache.catalina.startup.HostConfig.deployDescriptor Deployment of deployment descriptor [C:\web Dev APNA COLLEGE\MinorProject-BTECH\conf\Catalina\localhost\jdbcconnection.xml] has finished in [1,004] ms
20-Dec-2024 13:26:41.100 INFO [main] org.apache.coyote.AbstractProtocol.start Starting ProtocolHandler ["http-nio-8080"]
20-Dec-2024 13:26:41.119 INFO [main] org.apache.catalina.startup.Catalina.start Server startup in [1075] milliseconds
20-Dec-2024 13:27:28.645 INFO [Thread-2] org.apache.coyote.AbstractProtocol.pause Pausing ProtocolHandler ["http-nio-8080"]
20-Dec-2024 13:27:28.894 INFO [Thread-2] org.apache.catalina.core.StandardService.stopInternal Stopping service [Catalina]
20-Dec-2024 13:27:28.900 WARNING [Thread-2] org.apache.catalina.loader.WebappClassLoaderBase.clearReferencesJdbc The web application [jdbcconnection] registered the JDBC driver [com.mysql.cj.jdbc.Driver] but failed to unregister it when the web application was stopped. To prevent a memory leak, the JDBC Driver has been forcibly unregistered.
20-Dec-2024 13:27:28.901 WARNING [Thread-2] org.apache.catalina.loader.WebappClassLoaderBase.clearReferencesThreads The web application [jdbcconnection] appears to have started a thread named [mysql-cj-abandoned-connection-cleanup] but has failed to stop it. This is very likely to create a memory leak. Stack trace of thread:
 java.lang.Object.wait(Native Method)
 java.lang.ref.ReferenceQueue.remove(ReferenceQueue.java:144)
 com.mysql.cj.jdbc.AbandonedConnectionCleanupThread.run(AbandonedConnectionCleanupThread.java:91)
 java.util.concurrent.ThreadPoolExecutor.runWorker(ThreadPoolExecutor.java:1149)
 java.util.concurrent.ThreadPoolExecutor$Worker.run(ThreadPoolExecutor.java:624)
 java.lang.Thread.run(Thread.java:750)
20-Dec-2024 13:27:28.908 INFO [Thread-2] org.apache.coyote.AbstractProtocol.stop Stopping ProtocolHandler ["http-nio-8080"]
20-Dec-2024 13:27:28.930 INFO [Thread-2] org.apache.coyote.AbstractProtocol.destroy Destroying ProtocolHandler ["http-nio-8080"]
20-Dec-2024 13:27:28.983 INFO [mysql-cj-abandoned-connection-cleanup] org.apache.catalina.loader.WebappClassLoaderBase.checkStateForResourceLoading Illegal access: this web application instance has been stopped already. Could not load []. The following stack trace is thrown for debugging purposes as well as to attempt to terminate the thread which caused the illegal access.
	java.lang.IllegalStateException: Illegal access: this web application instance has been stopped already. Could not load []. The following stack trace is thrown for debugging purposes as well as to attempt to terminate the thread which caused the illegal access.
		at org.apache.catalina.loader.WebappClassLoaderBase.checkStateForResourceLoading(WebappClassLoaderBase.java:1369)
		at org.apache.catalina.loader.WebappClassLoaderBase.getResource(WebappClassLoaderBase.java:995)
		at com.mysql.cj.jdbc.AbandonedConnectionCleanupThread.checkThreadContextClassLoader(AbandonedConnectionCleanupThread.java:123)
		at com.mysql.cj.jdbc.AbandonedConnectionCleanupThread.run(AbandonedConnectionCleanupThread.java:90)
		at java.util.concurrent.ThreadPoolExecutor.runWorker(ThreadPoolExecutor.java:1149)
		at java.util.concurrent.ThreadPoolExecutor$Worker.run(ThreadPoolExecutor.java:624)
		at java.lang.Thread.run(Thread.java:750)
20-Dec-2024 13:28:33.584 INFO [main] org.apache.catalina.startup.VersionLoggerListener.log Server version name:   Apache Tomcat/9.0.98
20-Dec-2024 13:28:33.588 INFO [main] org.apache.catalina.startup.VersionLoggerListener.log Server built:          Dec 5 2024 19:50:29 UTC
20-Dec-2024 13:28:33.588 INFO [main] org.apache.catalina.startup.VersionLoggerListener.log Server version number: 9.0.98.0
20-Dec-2024 13:28:33.589 INFO [main] org.apache.catalina.startup.VersionLoggerListener.log OS Name:               Windows 11
20-Dec-2024 13:28:33.589 INFO [main] org.apache.catalina.startup.VersionLoggerListener.log OS Version:            10.0
20-Dec-2024 13:28:33.589 INFO [main] org.apache.catalina.startup.VersionLoggerListener.log Architecture:          amd64
20-Dec-2024 13:28:33.589 INFO [main] org.apache.catalina.startup.VersionLoggerListener.log Java Home:             C:\Users\KANAK\.jdks\corretto-1.8.0_432\jre
20-Dec-2024 13:28:33.589 INFO [main] org.apache.catalina.startup.VersionLoggerListener.log JVM Version:           1.8.0_432-b06
20-Dec-2024 13:28:33.589 INFO [main] org.apache.catalina.startup.VersionLoggerListener.log JVM Vendor:            Amazon.com Inc.
20-Dec-2024 13:28:33.589 INFO [main] org.apache.catalina.startup.VersionLoggerListener.log CATALINA_BASE:         C:\web Dev APNA COLLEGE\MinorProject-BTECH
20-Dec-2024 13:28:33.589 INFO [main] org.apache.catalina.startup.VersionLoggerListener.log CATALINA_HOME:         C:\java\apache-tomcat-9.0.98
20-Dec-2024 13:28:33.591 INFO [main] org.apache.catalina.startup.VersionLoggerListener.log Command line argument: -Dcatalina.home=C:\java\apache-tomcat-9.0.98
20-Dec-2024 13:28:33.592 INFO [main] org.apache.catalina.startup.VersionLoggerListener.log Command line argument: -Dcatalina.base=C:\web Dev APNA COLLEGE\MinorProject-BTECH
20-Dec-2024 13:28:33.592 INFO [main] org.apache.catalina.startup.VersionLoggerListener.log Command line argument: -Djava.io.tmpdir=C:\web Dev APNA COLLEGE\MinorProject-BTECH\temp
20-Dec-2024 13:28:33.592 INFO [main] org.apache.catalina.startup.VersionLoggerListener.log Command line argument: -Djava.util.logging.config.file=C:\web Dev APNA COLLEGE\MinorProject-BTECH\conf\logging.properties
20-Dec-2024 13:28:33.592 INFO [main] org.apache.catalina.startup.VersionLoggerListener.log Command line argument: -Djava.util.logging.manager=org.apache.juli.ClassLoaderLogManager
20-Dec-2024 13:28:33.592 INFO [main] org.apache.catalina.startup.VersionLoggerListener.log Command line argument: -javaagent:C:\Program Files\JetBrains\IntelliJ IDEA 2024.3.1\lib\idea_rt.jar=52241:C:\Program Files\JetBrains\IntelliJ IDEA 2024.3.1\bin
20-Dec-2024 13:28:33.592 INFO [main] org.apache.catalina.startup.VersionLoggerListener.log Command line argument: -Dfile.encoding=UTF-8
20-Dec-2024 13:28:33.597 INFO [main] org.apache.catalina.core.AprLifecycleListener.lifecycleEvent Loaded Apache Tomcat Native library [1.3.1] using APR version [1.7.4].
20-Dec-2024 13:28:33.597 INFO [main] org.apache.catalina.core.AprLifecycleListener.lifecycleEvent APR capabilities: IPv6 [true], sendfile [true], accept filters [false], random [true], UDS [true].
20-Dec-2024 13:28:33.597 INFO [main] org.apache.catalina.core.AprLifecycleListener.lifecycleEvent APR/OpenSSL configuration: useAprConnector [false], useOpenSSL [true]
20-Dec-2024 13:28:33.607 INFO [main] org.apache.catalina.core.AprLifecycleListener.initializeSSL OpenSSL successfully initialized [OpenSSL 3.0.14 4 Jun 2024]
20-Dec-2024 13:28:33.969 INFO [main] org.apache.coyote.AbstractProtocol.init Initializing ProtocolHandler ["http-nio-8080"]
20-Dec-2024 13:28:33.996 INFO [main] org.apache.catalina.startup.Catalina.load Server initialization in [628] milliseconds
20-Dec-2024 13:28:34.037 INFO [main] org.apache.catalina.core.StandardService.startInternal Starting service [Catalina]
20-Dec-2024 13:28:34.037 INFO [main] org.apache.catalina.core.StandardEngine.startInternal Starting Servlet engine: [Apache Tomcat/9.0.98]
20-Dec-2024 13:28:34.046 INFO [main] org.apache.catalina.startup.HostConfig.deployDescriptor Deploying deployment descriptor [C:\web Dev APNA COLLEGE\MinorProject-BTECH\conf\Catalina\localhost\jdbcconnection.xml]
20-Dec-2024 13:28:34.857 INFO [main] org.apache.jasper.servlet.TldScanner.scanJars At least one JAR was scanned for TLDs yet contained no TLDs. Enable debug logging for this logger for a complete list of JARs that were scanned but no TLDs were found in them. Skipping unneeded JARs during scanning can improve startup time and JSP compilation time.
20-Dec-2024 13:28:35.021 WARNING [main] org.apache.catalina.util.SessionIdGeneratorBase.createSecureRandom Creation of SecureRandom instance for session ID generation using [SHA1PRNG] took [138] milliseconds.
20-Dec-2024 13:28:35.042 INFO [main] org.apache.catalina.startup.HostConfig.deployDescriptor Deployment of deployment descriptor [C:\web Dev APNA COLLEGE\MinorProject-BTECH\conf\Catalina\localhost\jdbcconnection.xml] has finished in [996] ms
20-Dec-2024 13:28:35.047 INFO [main] org.apache.coyote.AbstractProtocol.start Starting ProtocolHandler ["http-nio-8080"]
20-Dec-2024 13:28:35.065 INFO [main] org.apache.catalina.startup.Catalina.start Server startup in [1068] milliseconds
20-Dec-2024 13:28:56.064 INFO [Thread-2] org.apache.coyote.AbstractProtocol.pause Pausing ProtocolHandler ["http-nio-8080"]
20-Dec-2024 13:28:56.355 INFO [Thread-2] org.apache.catalina.core.StandardService.stopInternal Stopping service [Catalina]
20-Dec-2024 13:28:56.364 INFO [Thread-2] org.apache.coyote.AbstractProtocol.stop Stopping ProtocolHandler ["http-nio-8080"]
20-Dec-2024 13:28:56.370 INFO [Thread-2] org.apache.coyote.AbstractProtocol.destroy Destroying ProtocolHandler ["http-nio-8080"]
20-Dec-2024 13:30:56.934 INFO [main] org.apache.catalina.startup.VersionLoggerListener.log Server version name:   Apache Tomcat/9.0.98
20-Dec-2024 13:30:56.937 INFO [main] org.apache.catalina.startup.VersionLoggerListener.log Server built:          Dec 5 2024 19:50:29 UTC
20-Dec-2024 13:30:56.937 INFO [main] org.apache.catalina.startup.VersionLoggerListener.log Server version number: 9.0.98.0
20-Dec-2024 13:30:56.938 INFO [main] org.apache.catalina.startup.VersionLoggerListener.log OS Name:               Windows 11
20-Dec-2024 13:30:56.938 INFO [main] org.apache.catalina.startup.VersionLoggerListener.log OS Version:            10.0
20-Dec-2024 13:30:56.938 INFO [main] org.apache.catalina.startup.VersionLoggerListener.log Architecture:          amd64
20-Dec-2024 13:30:56.938 INFO [main] org.apache.catalina.startup.VersionLoggerListener.log Java Home:             C:\Users\KANAK\.jdks\corretto-1.8.0_432\jre
20-Dec-2024 13:30:56.938 INFO [main] org.apache.catalina.startup.VersionLoggerListener.log JVM Version:           1.8.0_432-b06
20-Dec-2024 13:30:56.938 INFO [main] org.apache.catalina.startup.VersionLoggerListener.log JVM Vendor:            Amazon.com Inc.
20-Dec-2024 13:30:56.938 INFO [main] org.apache.catalina.startup.VersionLoggerListener.log CATALINA_BASE:         C:\web Dev APNA COLLEGE\MinorProject-BTECH
20-Dec-2024 13:30:56.938 INFO [main] org.apache.catalina.startup.VersionLoggerListener.log CATALINA_HOME:         C:\java\apache-tomcat-9.0.98
20-Dec-2024 13:30:56.942 INFO [main] org.apache.catalina.startup.VersionLoggerListener.log Command line argument: -Dcatalina.home=C:\java\apache-tomcat-9.0.98
20-Dec-2024 13:30:56.942 INFO [main] org.apache.catalina.startup.VersionLoggerListener.log Command line argument: -Dcatalina.base=C:\web Dev APNA COLLEGE\MinorProject-BTECH
20-Dec-2024 13:30:56.942 INFO [main] org.apache.catalina.startup.VersionLoggerListener.log Command line argument: -Djava.io.tmpdir=C:\web Dev APNA COLLEGE\MinorProject-BTECH\temp
20-Dec-2024 13:30:56.942 INFO [main] org.apache.catalina.startup.VersionLoggerListener.log Command line argument: -Djava.util.logging.config.file=C:\web Dev APNA COLLEGE\MinorProject-BTECH\conf\logging.properties
20-Dec-2024 13:30:56.942 INFO [main] org.apache.catalina.startup.VersionLoggerListener.log Command line argument: -Djava.util.logging.manager=org.apache.juli.ClassLoaderLogManager
20-Dec-2024 13:30:56.942 INFO [main] org.apache.catalina.startup.VersionLoggerListener.log Command line argument: -javaagent:C:\Program Files\JetBrains\IntelliJ IDEA 2024.3.1\lib\idea_rt.jar=52250:C:\Program Files\JetBrains\IntelliJ IDEA 2024.3.1\bin
20-Dec-2024 13:30:56.942 INFO [main] org.apache.catalina.startup.VersionLoggerListener.log Command line argument: -Dfile.encoding=UTF-8
20-Dec-2024 13:30:56.948 INFO [main] org.apache.catalina.core.AprLifecycleListener.lifecycleEvent Loaded Apache Tomcat Native library [1.3.1] using APR version [1.7.4].
20-Dec-2024 13:30:56.948 INFO [main] org.apache.catalina.core.AprLifecycleListener.lifecycleEvent APR capabilities: IPv6 [true], sendfile [true], accept filters [false], random [true], UDS [true].
20-Dec-2024 13:30:56.948 INFO [main] org.apache.catalina.core.AprLifecycleListener.lifecycleEvent APR/OpenSSL configuration: useAprConnector [false], useOpenSSL [true]
20-Dec-2024 13:30:56.957 INFO [main] org.apache.catalina.core.AprLifecycleListener.initializeSSL OpenSSL successfully initialized [OpenSSL 3.0.14 4 Jun 2024]
20-Dec-2024 13:30:57.323 INFO [main] org.apache.coyote.AbstractProtocol.init Initializing ProtocolHandler ["http-nio-8080"]
20-Dec-2024 13:30:57.353 INFO [main] org.apache.catalina.startup.Catalina.load Server initialization in [677] milliseconds
20-Dec-2024 13:30:57.390 INFO [main] org.apache.catalina.core.StandardService.startInternal Starting service [Catalina]
20-Dec-2024 13:30:57.390 INFO [main] org.apache.catalina.core.StandardEngine.startInternal Starting Servlet engine: [Apache Tomcat/9.0.98]
20-Dec-2024 13:30:57.404 INFO [main] org.apache.catalina.startup.HostConfig.deployDescriptor Deploying deployment descriptor [C:\web Dev APNA COLLEGE\MinorProject-BTECH\conf\Catalina\localhost\jdbcconnection.xml]
20-Dec-2024 13:30:58.291 INFO [main] org.apache.jasper.servlet.TldScanner.scanJars At least one JAR was scanned for TLDs yet contained no TLDs. Enable debug logging for this logger for a complete list of JARs that were scanned but no TLDs were found in them. Skipping unneeded JARs during scanning can improve startup time and JSP compilation time.
20-Dec-2024 13:30:58.454 WARNING [main] org.apache.catalina.util.SessionIdGeneratorBase.createSecureRandom Creation of SecureRandom instance for session ID generation using [SHA1PRNG] took [135] milliseconds.
20-Dec-2024 13:30:58.482 INFO [main] org.apache.catalina.startup.HostConfig.deployDescriptor Deployment of deployment descriptor [C:\web Dev APNA COLLEGE\MinorProject-BTECH\conf\Catalina\localhost\jdbcconnection.xml] has finished in [1,077] ms
20-Dec-2024 13:30:58.487 INFO [main] org.apache.coyote.AbstractProtocol.start Starting ProtocolHandler ["http-nio-8080"]
20-Dec-2024 13:30:58.503 INFO [main] org.apache.catalina.startup.Catalina.start Server startup in [1149] milliseconds
20-Dec-2024 13:31:26.486 INFO [Thread-2] org.apache.coyote.AbstractProtocol.pause Pausing ProtocolHandler ["http-nio-8080"]
20-Dec-2024 13:31:26.810 INFO [Thread-2] org.apache.catalina.core.StandardService.stopInternal Stopping service [Catalina]
20-Dec-2024 13:31:26.821 INFO [Thread-2] org.apache.coyote.AbstractProtocol.stop Stopping ProtocolHandler ["http-nio-8080"]
20-Dec-2024 13:31:26.834 INFO [Thread-2] org.apache.coyote.AbstractProtocol.destroy Destroying ProtocolHandler ["http-nio-8080"]
20-Dec-2024 13:40:52.221 INFO [main] org.apache.catalina.startup.VersionLoggerListener.log Server version name:   Apache Tomcat/9.0.98
20-Dec-2024 13:40:52.223 INFO [main] org.apache.catalina.startup.VersionLoggerListener.log Server built:          Dec 5 2024 19:50:29 UTC
20-Dec-2024 13:40:52.223 INFO [main] org.apache.catalina.startup.VersionLoggerListener.log Server version number: 9.0.98.0
20-Dec-2024 13:40:52.223 INFO [main] org.apache.catalina.startup.VersionLoggerListener.log OS Name:               Windows 11
20-Dec-2024 13:40:52.223 INFO [main] org.apache.catalina.startup.VersionLoggerListener.log OS Version:            10.0
20-Dec-2024 13:40:52.223 INFO [main] org.apache.catalina.startup.VersionLoggerListener.log Architecture:          amd64
20-Dec-2024 13:40:52.224 INFO [main] org.apache.catalina.startup.VersionLoggerListener.log Java Home:             C:\Users\KANAK\.jdks\corretto-1.8.0_432\jre
20-Dec-2024 13:40:52.224 INFO [main] org.apache.catalina.startup.VersionLoggerListener.log JVM Version:           1.8.0_432-b06
20-Dec-2024 13:40:52.224 INFO [main] org.apache.catalina.startup.VersionLoggerListener.log JVM Vendor:            Amazon.com Inc.
20-Dec-2024 13:40:52.224 INFO [main] org.apache.catalina.startup.VersionLoggerListener.log CATALINA_BASE:         C:\web Dev APNA COLLEGE\MinorProject-BTECH
20-Dec-2024 13:40:52.224 INFO [main] org.apache.catalina.startup.VersionLoggerListener.log CATALINA_HOME:         C:\java\apache-tomcat-9.0.98
20-Dec-2024 13:40:52.229 INFO [main] org.apache.catalina.startup.VersionLoggerListener.log Command line argument: -Dcatalina.home=C:\java\apache-tomcat-9.0.98
20-Dec-2024 13:40:52.229 INFO [main] org.apache.catalina.startup.VersionLoggerListener.log Command line argument: -Dcatalina.base=C:\web Dev APNA COLLEGE\MinorProject-BTECH
20-Dec-2024 13:40:52.229 INFO [main] org.apache.catalina.startup.VersionLoggerListener.log Command line argument: -Djava.io.tmpdir=C:\web Dev APNA COLLEGE\MinorProject-BTECH\temp
20-Dec-2024 13:40:52.230 INFO [main] org.apache.catalina.startup.VersionLoggerListener.log Command line argument: -Djava.util.logging.config.file=C:\web Dev APNA COLLEGE\MinorProject-BTECH\conf\logging.properties
20-Dec-2024 13:40:52.230 INFO [main] org.apache.catalina.startup.VersionLoggerListener.log Command line argument: -Djava.util.logging.manager=org.apache.juli.ClassLoaderLogManager
20-Dec-2024 13:40:52.230 INFO [main] org.apache.catalina.startup.VersionLoggerListener.log Command line argument: -javaagent:C:\Program Files\JetBrains\IntelliJ IDEA 2024.3.1\lib\idea_rt.jar=52778:C:\Program Files\JetBrains\IntelliJ IDEA 2024.3.1\bin
20-Dec-2024 13:40:52.230 INFO [main] org.apache.catalina.startup.VersionLoggerListener.log Command line argument: -Dfile.encoding=UTF-8
20-Dec-2024 13:40:52.237 INFO [main] org.apache.catalina.core.AprLifecycleListener.lifecycleEvent Loaded Apache Tomcat Native library [1.3.1] using APR version [1.7.4].
20-Dec-2024 13:40:52.237 INFO [main] org.apache.catalina.core.AprLifecycleListener.lifecycleEvent APR capabilities: IPv6 [true], sendfile [true], accept filters [false], random [true], UDS [true].
20-Dec-2024 13:40:52.237 INFO [main] org.apache.catalina.core.AprLifecycleListener.lifecycleEvent APR/OpenSSL configuration: useAprConnector [false], useOpenSSL [true]
20-Dec-2024 13:40:52.245 INFO [main] org.apache.catalina.core.AprLifecycleListener.initializeSSL OpenSSL successfully initialized [OpenSSL 3.0.14 4 Jun 2024]
20-Dec-2024 13:40:52.655 INFO [main] org.apache.coyote.AbstractProtocol.init Initializing ProtocolHandler ["http-nio-8080"]
20-Dec-2024 13:40:52.689 INFO [main] org.apache.catalina.startup.Catalina.load Server initialization in [718] milliseconds
20-Dec-2024 13:40:52.737 INFO [main] org.apache.catalina.core.StandardService.startInternal Starting service [Catalina]
20-Dec-2024 13:40:52.737 INFO [main] org.apache.catalina.core.StandardEngine.startInternal Starting Servlet engine: [Apache Tomcat/9.0.98]
20-Dec-2024 13:40:52.748 INFO [main] org.apache.catalina.startup.HostConfig.deployDescriptor Deploying deployment descriptor [C:\web Dev APNA COLLEGE\MinorProject-BTECH\conf\Catalina\localhost\jdbcconnection.xml]
20-Dec-2024 13:40:53.604 INFO [main] org.apache.jasper.servlet.TldScanner.scanJars At least one JAR was scanned for TLDs yet contained no TLDs. Enable debug logging for this logger for a complete list of JARs that were scanned but no TLDs were found in them. Skipping unneeded JARs during scanning can improve startup time and JSP compilation time.
20-Dec-2024 13:40:53.765 WARNING [main] org.apache.catalina.util.SessionIdGeneratorBase.createSecureRandom Creation of SecureRandom instance for session ID generation using [SHA1PRNG] took [132] milliseconds.
20-Dec-2024 13:40:53.783 INFO [main] org.apache.catalina.startup.HostConfig.deployDescriptor Deployment of deployment descriptor [C:\web Dev APNA COLLEGE\MinorProject-BTECH\conf\Catalina\localhost\jdbcconnection.xml] has finished in [1,034] ms
20-Dec-2024 13:40:53.787 INFO [main] org.apache.coyote.AbstractProtocol.start Starting ProtocolHandler ["http-nio-8080"]
20-Dec-2024 13:40:53.803 INFO [main] org.apache.catalina.startup.Catalina.start Server startup in [1112] milliseconds
20-Dec-2024 13:45:29.383 INFO [Thread-2] org.apache.coyote.AbstractProtocol.pause Pausing ProtocolHandler ["http-nio-8080"]
20-Dec-2024 13:45:29.599 INFO [Thread-2] org.apache.catalina.core.StandardService.stopInternal Stopping service [Catalina]
20-Dec-2024 13:45:29.609 INFO [Thread-2] org.apache.coyote.AbstractProtocol.stop Stopping ProtocolHandler ["http-nio-8080"]
20-Dec-2024 13:45:29.612 INFO [Thread-2] org.apache.coyote.AbstractProtocol.destroy Destroying ProtocolHandler ["http-nio-8080"]
